New Log File [ 2025-11-08 18-34-17 ]
[ 2025-11-08 18-34-18 ] ++++ Run
[ 2025-11-08 18-34-18 ] ++++ Window Init
[ 2025-11-08 18-34-18 ] ++++ ShaderCode 1
[ 2025-11-08 18-34-18 ] Compiling ShaderCode 1 ...
[ 2025-11-08 18-34-18 ] Compiling ShaderCode 1 done
[ 2025-11-08 18-34-18 ] ++++ ShaderCode 2
[ 2025-11-08 18-34-18 ] Compiling ShaderCode 2 ...
[ 2025-11-08 18-34-18 ] Compiling ShaderCode 2 done
[ 2025-11-08 18-34-18 ] ++++ BaseShader 3
[ 2025-11-08 18-34-18 ] Compiling BaseShader 3 ...
[ 2025-11-08 18-34-18 ] BaseShader 3 using ShaderCode 1 2
[ 2025-11-08 18-34-18 ] Compiling BaseShader 3 done
[ 2025-11-08 18-34-18 ] ---- ShaderCode 2
[ 2025-11-08 18-34-18 ] ---- ShaderCode 1
[ 2025-11-08 18-34-18 ] Shader 3 Uniform ViewPortSizeRatio.Size not found.
[ 2025-11-08 18-34-18 ] Shader 3 Uniform ViewPortSizeRatio.Ratio found at 1.
[ 2025-11-08 18-34-18 ] Shader 3 Uniform View.Pos found at 2.
[ 2025-11-08 18-34-18 ] Shader 3 Uniform View.Rot found at 3.
[ 2025-11-08 18-34-18 ] Shader 3 Uniform Depth.Factors found at 6.
[ 2025-11-08 18-34-18 ] Shader 3 Uniform Depth.Range.Min found at 13.
[ 2025-11-08 18-34-18 ] Shader 3 Uniform Depth.Range.Len found at 14.
[ 2025-11-08 18-34-18 ] Shader 3 Uniform Depth.Range.Max not found.
[ 2025-11-08 18-34-18 ] Shader 3 Uniform Depth.Color not found.
[ 2025-11-08 18-34-18 ] Shader 3 Uniform ColorToTex.T0 found at 17.
[ 2025-11-08 18-34-18 ] Shader 3 Uniform ColorToTex.T1 found at 18.
[ 2025-11-08 18-34-18 ] ++++ TextureBase
[ 2025-11-08 18-34-18 ] ++++ BaseBuffer
[ 2025-11-08 18-34-18 ] ++++ BaseBuffer
[ 2025-11-08 18-34-18 ] ++++ BaseBufferArray
[ 2025-11-08 18-34-18 ] ---- Window Init
[ 2025-11-08 18-34-19 ] ++++ Window Free
[ 2025-11-08 18-34-19 ] ---- BaseBuffer
[ 2025-11-08 18-34-19 ] ---- BaseBuffer
[ 2025-11-08 18-34-19 ] ---- BaseBufferArray
[ 2025-11-08 18-34-19 ] ---- TextureBase
[ 2025-11-08 18-34-19 ] ---- BaseShader 3
[ 2025-11-08 18-34-19 ] ---- Window Free
[ 2025-11-08 18-34-19 ] ---- Run
